Using pre-set license
Built from '2021.2/staging' branch; Version is '2021.2.3f1 (32358a8527b4) revision 3290506'; Using compiler version '192829333'; Build Type 'Release'
OS: 'Windows 10 Home; OS build 19041.1415; Version 2004; 64bit' Language: 'it' Physical Memory: 8090 MB
BatchMode: 1, IsHumanControllingUs: 0, StartBugReporterOnCrash: 0, Is64bit: 1, IsPro: 0

COMMAND LINE ARGUMENTS:
C:\2021.2.3f1\Editor\Unity.exe
-adb2
-batchMode
-noUpm
-name
AssetImportWorker1
-projectPath
C:/Users/alecl/Documents/GitHub/CouchCoopProject
-logFile
Logs/AssetImportWorker1.log
-srvPort
53777
Successfully changed project path to: C:/Users/alecl/Documents/GitHub/CouchCoopProject
C:/Users/alecl/Documents/GitHub/CouchCoopProject
[UnityMemory] Configuration Parameters - Can be set up in boot.config
    "memorysetup-bucket-allocator-granularity=16"
    "memorysetup-bucket-allocator-bucket-count=8"
    "memorysetup-bucket-allocator-block-size=33554432"
    "memorysetup-bucket-allocator-block-count=8"
    "memorysetup-main-allocator-block-size=16777216"
    "memorysetup-thread-allocator-block-size=16777216"
    "memorysetup-gfx-main-allocator-block-size=16777216"
    "memorysetup-gfx-thread-allocator-block-size=16777216"
    "memorysetup-cache-allocator-block-size=4194304"
    "memorysetup-typetree-allocator-block-size=2097152"
    "memorysetup-profiler-bucket-allocator-granularity=16"
    "memorysetup-profiler-bucket-allocator-bucket-count=8"
    "memorysetup-profiler-bucket-allocator-block-size=33554432"
    "memorysetup-profiler-bucket-allocator-block-count=8"
    "memorysetup-profiler-allocator-block-size=16777216"
    "memorysetup-profiler-editor-allocator-block-size=1048576"
    "memorysetup-temp-allocator-size-main=16777216"
    "memorysetup-job-temp-allocator-block-size=2097152"
    "memorysetup-job-temp-allocator-block-size-background=1048576"
    "memorysetup-job-temp-allocator-reduction-small-platforms=262144"
    "memorysetup-temp-allocator-size-background-worker=32768"
    "memorysetup-temp-allocator-size-job-worker=262144"
    "memorysetup-temp-allocator-size-preload-manager=33554432"
    "memorysetup-temp-allocator-size-nav-mesh-worker=65536"
    "memorysetup-temp-allocator-size-audio-worker=65536"
    "memorysetup-temp-allocator-size-cloud-worker=32768"
    "memorysetup-temp-allocator-size-gi-baking-worker=262144"
    "memorysetup-temp-allocator-size-gfx=262144"
Refreshing native plugins compatible for Editor in 181.30 ms, found 4 plugins.
Preloading 0 native plugins for Editor in 0.00 ms.
Initialize engine version: 2021.2.3f1 (32358a8527b4)
[Subsystems] Discovering subsystems at path C:/2021.2.3f1/Editor/Data/Resources/UnitySubsystems
[Subsystems] Discovering subsystems at path C:/Users/alecl/Documents/GitHub/CouchCoopProject/Assets
GfxDevice: creating device client; threaded=0; jobified=0
Direct3D:
    Version:  Direct3D 11.0 [level 11.0]
    Renderer: NVIDIA GeForce 920M (ID=0x1299)
    Vendor:   NVIDIA
    VRAM:     2020 MB
    Driver:   23.21.13.8857
Initialize mono
Mono path[0] = 'C:/2021.2.3f1/Editor/Data/Managed'
Mono path[1] = 'C:/2021.2.3f1/Editor/Data/MonoBleedingEdge/lib/mono/unityjit-win32'
Mono config path = 'C:/2021.2.3f1/Editor/Data/MonoBleedingEdge/etc'
Using monoOptions --debugger-agent=transport=dt_socket,embedding=1,server=y,suspend=n,address=127.0.0.1:56024
Begin MonoManager ReloadAssembly
Registering precompiled unity dll's ...
Register platform support module: C:/2021.2.3f1/Editor/Data/PlaybackEngines/WebGLSupport/UnityEditor.WebGL.Extensions.dll
Register platform support module: C:/2021.2.3f1/Editor/Data/PlaybackEngines/MacStandaloneSupport/UnityEditor.OSXStandalone.Extensions.dll
Register platform support module: C:/2021.2.3f1/Editor/Data/PlaybackEngines/WindowsStandaloneSupport/UnityEditor.WindowsStandalone.Extensions.dll
Register platform support module: C:/2021.2.3f1/Editor/Data/PlaybackEngines/LinuxStandaloneSupport/UnityEditor.LinuxStandalone.Extensions.dll
Register platform support module: C:/2021.2.3f1/Editor/Data/PlaybackEngines/LuminSupport/UnityEditor.Lumin.Extensions.dll
Registered in 0.013559 seconds.
Native extension for Lumin target not found
Native extension for LinuxStandalone target not found
Native extension for WindowsStandalone target not found
Native extension for OSXStandalone target not found
Native extension for WebGL target not found
Refreshing native plugins compatible for Editor in 135.37 ms, found 4 plugins.
Preloading 0 native plugins for Editor in 0.00 ms.
Mono: successfully reloaded assembly
- Completed reload, in  0.994 seconds
Domain Reload Profiling:
	ReloadAssembly (995ms)
		BeginReloadAssembly (111ms)
			ExecutionOrderSort (0ms)
			DisableScriptedObjects (0ms)
			BackupInstance (0ms)
			ReleaseScriptingObjects (0ms)
			CreateAndSetChildDomain (1ms)
		EndReloadAssembly (758ms)
			LoadAssemblies (110ms)
			RebuildTransferFunctionScriptingTraits (0ms)
			SetupTypeCache (175ms)
			ReleaseScriptCaches (0ms)
			RebuildScriptCaches (43ms)
			SetupLoadedEditorAssemblies (454ms)
				LogAssemblyErrors (0ms)
				InitializePlatformSupportModulesInManaged (28ms)
				SetLoadedEditorAssemblies (0ms)
				RefreshPlugins (135ms)
				BeforeProcessingInitializeOnLoad (2ms)
				ProcessInitializeOnLoadAttributes (217ms)
				ProcessInitializeOnLoadMethodAttributes (71ms)
				AfterProcessingInitializeOnLoad (0ms)
				EditorAssembliesLoaded (0ms)
			ExecutionOrderSort2 (0ms)
			AwakeInstancesAfterBackupRestoration (0ms)
Platform modules already initialized, skipping
Registering precompiled user dll's ...
Registered in 0.016412 seconds.
Begin MonoManager ReloadAssembly
Symbol file LoadedFromMemory doesn't match image C:\Users\alecl\Documents\GitHub\CouchCoopProject\Library\PackageCache\com.unity.visualscripting@1.7.5\Editor\VisualScripting.Core\Dependencies\YamlDotNet\Unity.VisualScripting.YamlDotNet.dll
Symbol file LoadedFromMemory doesn't match image C:\Users\alecl\Documents\GitHub\CouchCoopProject\Library\PackageCache\com.unity.visualscripting@1.7.5\Editor\VisualScripting.Core\Dependencies\DotNetZip\Unity.VisualScripting.IonicZip.dll
Native extension for Lumin target not found
Native extension for LinuxStandalone target not found
Native extension for WindowsStandalone target not found
Native extension for OSXStandalone target not found
Native extension for WebGL target not found
Refreshing native plugins compatible for Editor in 173.95 ms, found 4 plugins.
Preloading 0 native plugins for Editor in 0.00 ms.
Mono: successfully reloaded assembly
- Completed reload, in  2.775 seconds
Domain Reload Profiling:
	ReloadAssembly (2777ms)
		BeginReloadAssembly (252ms)
			ExecutionOrderSort (0ms)
			DisableScriptedObjects (7ms)
			BackupInstance (0ms)
			ReleaseScriptingObjects (0ms)
			CreateAndSetChildDomain (29ms)
		EndReloadAssembly (2381ms)
			LoadAssemblies (124ms)
			RebuildTransferFunctionScriptingTraits (0ms)
			SetupTypeCache (399ms)
			ReleaseScriptCaches (1ms)
			RebuildScriptCaches (85ms)
			SetupLoadedEditorAssemblies (1582ms)
				LogAssemblyErrors (0ms)
				InitializePlatformSupportModulesInManaged (41ms)
				SetLoadedEditorAssemblies (1ms)
				RefreshPlugins (174ms)
				BeforeProcessingInitializeOnLoad (137ms)
				ProcessInitializeOnLoadAttributes (1166ms)
				ProcessInitializeOnLoadMethodAttributes (50ms)
				AfterProcessingInitializeOnLoad (13ms)
				EditorAssembliesLoaded (0ms)
			ExecutionOrderSort2 (0ms)
			AwakeInstancesAfterBackupRestoration (9ms)
Platform modules already initialized, skipping
========================================================================
Worker process is ready to serve import requests
Launched and connected shader compiler UnityShaderCompiler.exe after 0.26 seconds
Refreshing native plugins compatible for Editor in 1.06 ms, found 4 plugins.
Preloading 0 native plugins for Editor in 0.00 ms.
Unloading 3912 Unused Serialized files (Serialized files now loaded: 0)
Unloading 37 unused Assets / (55.8 KB). Loaded Objects now: 4368.
Memory consumption went from 149.8 MB to 149.7 MB.
Total: 4.449400 ms (FindLiveObjects: 0.519300 ms CreateObjectMapping: 0.377100 ms MarkObjects: 3.456100 ms  DeleteObjects: 0.095300 ms)

AssetImportParameters requested are different than current active one (requested -> active):
  custom:video-decoder-ogg-theora: a1e56fd34408186e4bbccfd4996cb3dc -> 
  custom:container-muxer-webm: aa71ff27fc2769a1b78a27578f13a17b -> 
  custom:container-demuxer-webm: 4f35f7cbe854078d1ac9338744f61a02 -> 
  custom:video-encoder-webm-vp8: eb34c28f22e8b96e1ab97ce403110664 -> 
  custom:audio-encoder-webm-vorbis: bf7c407c2cedff20999df2af8eb42d56 -> 
  custom:framework-win-MediaFoundation: 216162199b28c13a410421893ffa2e32 -> 
  custom:container-demuxer-ogg: 62fdf1f143b41e24485cea50d1cbac27 -> 
  custom:video-decoder-webm-vp8: 9c59270c3fd7afecdb556c50c9e8de78 -> 
  custom:audio-decoder-ogg-vorbis: bf7c407c2cedff20999df2af8eb42d56 -> 
========================================================================
Received Import Request.
  Time since last request: 1887152.545027 seconds.
  path: Assets/Scenes/TestScene.unity
  artifactKey: Guid(2cda990e2423bbf4892e6590ba056729) Importer(815301076,1909f56bfc062723c751e8b465ee728b)
Start importing Assets/Scenes/TestScene.unity using Guid(2cda990e2423bbf4892e6590ba056729) Importer(815301076,1909f56bfc062723c751e8b465ee728b)  -> (artifact id: 'ec3152f14e02f0256cf2e2ae2d7d33d4') in 0.050800 seconds 
========================================================================
Received Import Request.
  Time since last request: 0.000027 seconds.
  path: Assets/Prefabs/Gem.prefab
  artifactKey: Guid(6cfe0916d77312e4ebc7293752e2e170) Importer(815301076,1909f56bfc062723c751e8b465ee728b)
Start importing Assets/Prefabs/Gem.prefab using Guid(6cfe0916d77312e4ebc7293752e2e170) Importer(815301076,1909f56bfc062723c751e8b465ee728b)  -> (artifact id: '982b30e64ff4b61db3d2feed0965de5a') in 0.735509 seconds 
========================================================================
Received Prepare
Registering precompiled user dll's ...
Registered in 0.016271 seconds.
Begin MonoManager ReloadAssembly
Symbol file LoadedFromMemory doesn't match image C:\Users\alecl\Documents\GitHub\CouchCoopProject\Library\PackageCache\com.unity.visualscripting@1.7.5\Editor\VisualScripting.Core\Dependencies\YamlDotNet\Unity.VisualScripting.YamlDotNet.dll
Symbol file LoadedFromMemory doesn't match image C:\Users\alecl\Documents\GitHub\CouchCoopProject\Library\PackageCache\com.unity.visualscripting@1.7.5\Editor\VisualScripting.Core\Dependencies\DotNetZip\Unity.VisualScripting.IonicZip.dll
Native extension for Lumin target not found
Native extension for LinuxStandalone target not found
Native extension for WindowsStandalone target not found
Native extension for OSXStandalone target not found
Native extension for WebGL target not found
Refreshing native plugins compatible for Editor in 1.11 ms, found 4 plugins.
Preloading 0 native plugins for Editor in 0.00 ms.
Mono: successfully reloaded assembly
- Completed reload, in  2.021 seconds
Domain Reload Profiling:
	ReloadAssembly (2021ms)
		BeginReloadAssembly (235ms)
			ExecutionOrderSort (0ms)
			DisableScriptedObjects (11ms)
			BackupInstance (0ms)
			ReleaseScriptingObjects (0ms)
			CreateAndSetChildDomain (90ms)
		EndReloadAssembly (1646ms)
			LoadAssemblies (149ms)
			RebuildTransferFunctionScriptingTraits (0ms)
			SetupTypeCache (364ms)
			ReleaseScriptCaches (2ms)
			RebuildScriptCaches (62ms)
			SetupLoadedEditorAssemblies (904ms)
				LogAssemblyErrors (0ms)
				InitializePlatformSupportModulesInManaged (26ms)
				SetLoadedEditorAssemblies (1ms)
				RefreshPlugins (1ms)
				BeforeProcessingInitializeOnLoad (152ms)
				ProcessInitializeOnLoadAttributes (669ms)
				ProcessInitializeOnLoadMethodAttributes (44ms)
				AfterProcessingInitializeOnLoad (12ms)
				EditorAssembliesLoaded (0ms)
			ExecutionOrderSort2 (0ms)
			AwakeInstancesAfterBackupRestoration (13ms)
Platform modules already initialized, skipping
Refreshing native plugins compatible for Editor in 2.90 ms, found 4 plugins.
Preloading 0 native plugins for Editor in 0.00 ms.
Unloading 3901 Unused Serialized files (Serialized files now loaded: 0)
Unloading 26 unused Assets / (24.5 KB). Loaded Objects now: 4376.
Memory consumption went from 153.4 MB to 153.4 MB.
Total: 8.272400 ms (FindLiveObjects: 0.543200 ms CreateObjectMapping: 0.442400 ms MarkObjects: 7.244400 ms  DeleteObjects: 0.040200 ms)

AssetImportParameters requested are different than current active one (requested -> active):
  custom:video-decoder-ogg-theora: a1e56fd34408186e4bbccfd4996cb3dc -> 
  custom:container-muxer-webm: aa71ff27fc2769a1b78a27578f13a17b -> 
  custom:container-demuxer-webm: 4f35f7cbe854078d1ac9338744f61a02 -> 
  custom:video-encoder-webm-vp8: eb34c28f22e8b96e1ab97ce403110664 -> 
  custom:audio-encoder-webm-vorbis: bf7c407c2cedff20999df2af8eb42d56 -> 
  custom:framework-win-MediaFoundation: 216162199b28c13a410421893ffa2e32 -> 
  custom:container-demuxer-ogg: 62fdf1f143b41e24485cea50d1cbac27 -> 
  custom:video-decoder-webm-vp8: 9c59270c3fd7afecdb556c50c9e8de78 -> 
  custom:audio-decoder-ogg-vorbis: bf7c407c2cedff20999df2af8eb42d56 -> 
========================================================================
Received Prepare
Registering precompiled user dll's ...
Registered in 0.016390 seconds.
Begin MonoManager ReloadAssembly
Symbol file LoadedFromMemory doesn't match image C:\Users\alecl\Documents\GitHub\CouchCoopProject\Library\PackageCache\com.unity.visualscripting@1.7.5\Editor\VisualScripting.Core\Dependencies\YamlDotNet\Unity.VisualScripting.YamlDotNet.dll
Symbol file LoadedFromMemory doesn't match image C:\Users\alecl\Documents\GitHub\CouchCoopProject\Library\PackageCache\com.unity.visualscripting@1.7.5\Editor\VisualScripting.Core\Dependencies\DotNetZip\Unity.VisualScripting.IonicZip.dll
Native extension for Lumin target not found
Native extension for LinuxStandalone target not found
Native extension for WindowsStandalone target not found
Native extension for OSXStandalone target not found
Native extension for WebGL target not found
Refreshing native plugins compatible for Editor in 1.50 ms, found 4 plugins.
Preloading 0 native plugins for Editor in 0.00 ms.
Mono: successfully reloaded assembly
- Completed reload, in  1.919 seconds
Domain Reload Profiling:
	ReloadAssembly (1921ms)
		BeginReloadAssembly (196ms)
			ExecutionOrderSort (0ms)
			DisableScriptedObjects (11ms)
			BackupInstance (0ms)
			ReleaseScriptingObjects (0ms)
			CreateAndSetChildDomain (53ms)
		EndReloadAssembly (1559ms)
			LoadAssemblies (124ms)
			RebuildTransferFunctionScriptingTraits (0ms)
			SetupTypeCache (356ms)
			ReleaseScriptCaches (2ms)
			RebuildScriptCaches (82ms)
			SetupLoadedEditorAssemblies (712ms)
				LogAssemblyErrors (0ms)
				InitializePlatformSupportModulesInManaged (26ms)
				SetLoadedEditorAssemblies (1ms)
				RefreshPlugins (2ms)
				BeforeProcessingInitializeOnLoad (121ms)
				ProcessInitializeOnLoadAttributes (500ms)
				ProcessInitializeOnLoadMethodAttributes (52ms)
				AfterProcessingInitializeOnLoad (10ms)
				EditorAssembliesLoaded (0ms)
			ExecutionOrderSort2 (0ms)
			AwakeInstancesAfterBackupRestoration (14ms)
Platform modules already initialized, skipping
Refreshing native plugins compatible for Editor in 1.19 ms, found 4 plugins.
Preloading 0 native plugins for Editor in 0.00 ms.
Unloading 3901 Unused Serialized files (Serialized files now loaded: 0)
Unloading 26 unused Assets / (24.6 KB). Loaded Objects now: 4378.
Memory consumption went from 153.4 MB to 153.4 MB.
Total: 10.972800 ms (FindLiveObjects: 0.403900 ms CreateObjectMapping: 0.356400 ms MarkObjects: 10.173200 ms  DeleteObjects: 0.037700 ms)

AssetImportParameters requested are different than current active one (requested -> active):
  custom:video-decoder-ogg-theora: a1e56fd34408186e4bbccfd4996cb3dc -> 
  custom:container-muxer-webm: aa71ff27fc2769a1b78a27578f13a17b -> 
  custom:container-demuxer-webm: 4f35f7cbe854078d1ac9338744f61a02 -> 
  custom:video-encoder-webm-vp8: eb34c28f22e8b96e1ab97ce403110664 -> 
  custom:audio-encoder-webm-vorbis: bf7c407c2cedff20999df2af8eb42d56 -> 
  custom:framework-win-MediaFoundation: 216162199b28c13a410421893ffa2e32 -> 
  custom:container-demuxer-ogg: 62fdf1f143b41e24485cea50d1cbac27 -> 
  custom:video-decoder-webm-vp8: 9c59270c3fd7afecdb556c50c9e8de78 -> 
  custom:audio-decoder-ogg-vorbis: bf7c407c2cedff20999df2af8eb42d56 -> 
========================================================================
Received Prepare
Registering precompiled user dll's ...
Registered in 0.017766 seconds.
Begin MonoManager ReloadAssembly
Symbol file LoadedFromMemory doesn't match image C:\Users\alecl\Documents\GitHub\CouchCoopProject\Library\PackageCache\com.unity.visualscripting@1.7.5\Editor\VisualScripting.Core\Dependencies\YamlDotNet\Unity.VisualScripting.YamlDotNet.dll
Symbol file LoadedFromMemory doesn't match image C:\Users\alecl\Documents\GitHub\CouchCoopProject\Library\PackageCache\com.unity.visualscripting@1.7.5\Editor\VisualScripting.Core\Dependencies\DotNetZip\Unity.VisualScripting.IonicZip.dll
Native extension for Lumin target not found
Native extension for LinuxStandalone target not found
Native extension for WindowsStandalone target not found
Native extension for OSXStandalone target not found
Native extension for WebGL target not found
Refreshing native plugins compatible for Editor in 1.45 ms, found 4 plugins.
Preloading 0 native plugins for Editor in 0.00 ms.
Mono: successfully reloaded assembly
- Completed reload, in  1.827 seconds
Domain Reload Profiling:
	ReloadAssembly (1827ms)
		BeginReloadAssembly (219ms)
			ExecutionOrderSort (0ms)
			DisableScriptedObjects (12ms)
			BackupInstance (0ms)
			ReleaseScriptingObjects (0ms)
			CreateAndSetChildDomain (55ms)
		EndReloadAssembly (1464ms)
			LoadAssemblies (151ms)
			RebuildTransferFunctionScriptingTraits (0ms)
			SetupTypeCache (371ms)
			ReleaseScriptCaches (2ms)
			RebuildScriptCaches (76ms)
			SetupLoadedEditorAssemblies (698ms)
				LogAssemblyErrors (0ms)
				InitializePlatformSupportModulesInManaged (26ms)
				SetLoadedEditorAssemblies (1ms)
				RefreshPlugins (2ms)
				BeforeProcessingInitializeOnLoad (125ms)
				ProcessInitializeOnLoadAttributes (473ms)
				ProcessInitializeOnLoadMethodAttributes (57ms)
				AfterProcessingInitializeOnLoad (14ms)
				EditorAssembliesLoaded (0ms)
			ExecutionOrderSort2 (0ms)
			AwakeInstancesAfterBackupRestoration (18ms)
Platform modules already initialized, skipping
Refreshing native plugins compatible for Editor in 0.94 ms, found 4 plugins.
Preloading 0 native plugins for Editor in 0.00 ms.
Unloading 3901 Unused Serialized files (Serialized files now loaded: 0)
Unloading 26 unused Assets / (24.6 KB). Loaded Objects now: 4380.
Memory consumption went from 153.4 MB to 153.4 MB.
Total: 6.562300 ms (FindLiveObjects: 0.500800 ms CreateObjectMapping: 0.439800 ms MarkObjects: 5.570400 ms  DeleteObjects: 0.049300 ms)

AssetImportParameters requested are different than current active one (requested -> active):
  custom:video-decoder-ogg-theora: a1e56fd34408186e4bbccfd4996cb3dc -> 
  custom:container-muxer-webm: aa71ff27fc2769a1b78a27578f13a17b -> 
  custom:container-demuxer-webm: 4f35f7cbe854078d1ac9338744f61a02 -> 
  custom:video-encoder-webm-vp8: eb34c28f22e8b96e1ab97ce403110664 -> 
  custom:audio-encoder-webm-vorbis: bf7c407c2cedff20999df2af8eb42d56 -> 
  custom:framework-win-MediaFoundation: 216162199b28c13a410421893ffa2e32 -> 
  custom:container-demuxer-ogg: 62fdf1f143b41e24485cea50d1cbac27 -> 
  custom:video-decoder-webm-vp8: 9c59270c3fd7afecdb556c50c9e8de78 -> 
  custom:audio-decoder-ogg-vorbis: bf7c407c2cedff20999df2af8eb42d56 -> 
========================================================================
Received Prepare
Registering precompiled user dll's ...
Registered in 0.015949 seconds.
Begin MonoManager ReloadAssembly
Symbol file LoadedFromMemory doesn't match image C:\Users\alecl\Documents\GitHub\CouchCoopProject\Library\PackageCache\com.unity.visualscripting@1.7.5\Editor\VisualScripting.Core\Dependencies\YamlDotNet\Unity.VisualScripting.YamlDotNet.dll
Symbol file LoadedFromMemory doesn't match image C:\Users\alecl\Documents\GitHub\CouchCoopProject\Library\PackageCache\com.unity.visualscripting@1.7.5\Editor\VisualScripting.Core\Dependencies\DotNetZip\Unity.VisualScripting.IonicZip.dll
Native extension for Lumin target not found
Native extension for LinuxStandalone target not found
Native extension for WindowsStandalone target not found
Native extension for OSXStandalone target not found
Native extension for WebGL target not found
Refreshing native plugins compatible for Editor in 0.94 ms, found 4 plugins.
Preloading 0 native plugins for Editor in 0.00 ms.
Mono: successfully reloaded assembly
- Completed reload, in  2.030 seconds
Domain Reload Profiling:
	ReloadAssembly (2031ms)
		BeginReloadAssembly (253ms)
			ExecutionOrderSort (0ms)
			DisableScriptedObjects (12ms)
			BackupInstance (0ms)
			ReleaseScriptingObjects (0ms)
			CreateAndSetChildDomain (87ms)
		EndReloadAssembly (1619ms)
			LoadAssemblies (153ms)
			RebuildTransferFunctionScriptingTraits (0ms)
			SetupTypeCache (377ms)
			ReleaseScriptCaches (2ms)
			RebuildScriptCaches (128ms)
			SetupLoadedEditorAssemblies (738ms)
				LogAssemblyErrors (0ms)
				InitializePlatformSupportModulesInManaged (26ms)
				SetLoadedEditorAssemblies (1ms)
				RefreshPlugins (1ms)
				BeforeProcessingInitializeOnLoad (125ms)
				ProcessInitializeOnLoadAttributes (496ms)
				ProcessInitializeOnLoadMethodAttributes (71ms)
				AfterProcessingInitializeOnLoad (18ms)
				EditorAssembliesLoaded (0ms)
			ExecutionOrderSort2 (0ms)
			AwakeInstancesAfterBackupRestoration (14ms)
Platform modules already initialized, skipping
Refreshing native plugins compatible for Editor in 1.72 ms, found 4 plugins.
Preloading 0 native plugins for Editor in 0.00 ms.
Unloading 3901 Unused Serialized files (Serialized files now loaded: 0)
Unloading 26 unused Assets / (24.7 KB). Loaded Objects now: 4382.
Memory consumption went from 153.4 MB to 153.4 MB.
Total: 6.804200 ms (FindLiveObjects: 0.412600 ms CreateObjectMapping: 0.343600 ms MarkObjects: 6.010700 ms  DeleteObjects: 0.035700 ms)

AssetImportParameters requested are different than current active one (requested -> active):
  custom:video-decoder-ogg-theora: a1e56fd34408186e4bbccfd4996cb3dc -> 
  custom:container-muxer-webm: aa71ff27fc2769a1b78a27578f13a17b -> 
  custom:container-demuxer-webm: 4f35f7cbe854078d1ac9338744f61a02 -> 
  custom:video-encoder-webm-vp8: eb34c28f22e8b96e1ab97ce403110664 -> 
  custom:audio-encoder-webm-vorbis: bf7c407c2cedff20999df2af8eb42d56 -> 
  custom:framework-win-MediaFoundation: 216162199b28c13a410421893ffa2e32 -> 
  custom:container-demuxer-ogg: 62fdf1f143b41e24485cea50d1cbac27 -> 
  custom:video-decoder-webm-vp8: 9c59270c3fd7afecdb556c50c9e8de78 -> 
  custom:audio-decoder-ogg-vorbis: bf7c407c2cedff20999df2af8eb42d56 -> 
========================================================================
Received Import Request.
  Time since last request: 1592.713535 seconds.
  path: Assets/Fonts/VT323/VT323-Regular.ttf
  artifactKey: Guid(e4fb9d0e9bbc9f9438c6043268bfafac) Importer(815301076,1909f56bfc062723c751e8b465ee728b)
Start importing Assets/Fonts/VT323/VT323-Regular.ttf using Guid(e4fb9d0e9bbc9f9438c6043268bfafac) Importer(815301076,1909f56bfc062723c751e8b465ee728b)  -> (artifact id: '59041fddc075e32ea50ee0e9d0d5195f') in 0.696569 seconds 
========================================================================
Received Import Request.
  Time since last request: 0.000039 seconds.
  path: Assets/Fonts/Walter_Turncoat/WalterTurncoat-Regular.ttf
  artifactKey: Guid(b432f8982d6b6d24f8df9440998c5213) Importer(815301076,1909f56bfc062723c751e8b465ee728b)
Start importing Assets/Fonts/Walter_Turncoat/WalterTurncoat-Regular.ttf using Guid(b432f8982d6b6d24f8df9440998c5213) Importer(815301076,1909f56bfc062723c751e8b465ee728b)  -> (artifact id: 'a42248b04e39239c21e0a64f631752a5') in 0.152766 seconds 
========================================================================
Received Import Request.
  Time since last request: 2.301884 seconds.
  path: Assets/Fonts/Trade_Winds/TradeWinds-Regular.ttf
  artifactKey: Guid(5b9b41cdbdff8ee4f9de1681e75fe4d8) Importer(815301076,1909f56bfc062723c751e8b465ee728b)
Start importing Assets/Fonts/Trade_Winds/TradeWinds-Regular.ttf using Guid(5b9b41cdbdff8ee4f9de1681e75fe4d8) Importer(815301076,1909f56bfc062723c751e8b465ee728b)  -> (artifact id: '7d41a5a8a1bde9246d018f46892f3444') in 0.167886 seconds 
========================================================================
Received Import Request.
  Time since last request: 0.048122 seconds.
  path: Assets/Fonts/Sofadi_One/SofadiOne-Regular.ttf
  artifactKey: Guid(29b1796bafc0aff4aae5405b0f888fc8) Importer(815301076,1909f56bfc062723c751e8b465ee728b)
Start importing Assets/Fonts/Sofadi_One/SofadiOne-Regular.ttf using Guid(29b1796bafc0aff4aae5405b0f888fc8) Importer(815301076,1909f56bfc062723c751e8b465ee728b)  -> (artifact id: 'c4264eb32b3772edf92675251e8a58e2') in 0.180915 seconds 
========================================================================
Received Import Request.
  Time since last request: 0.000065 seconds.
  path: Assets/Fonts/Sigmar_One/SigmarOne-Regular.ttf
  artifactKey: Guid(fe2f32ce8cfe3024b9155bcfc4410161) Importer(815301076,1909f56bfc062723c751e8b465ee728b)
Start importing Assets/Fonts/Sigmar_One/SigmarOne-Regular.ttf using Guid(fe2f32ce8cfe3024b9155bcfc4410161) Importer(815301076,1909f56bfc062723c751e8b465ee728b)  -> (artifact id: 'd8b66b644296c5a3fae7999f48ba6033') in 0.142607 seconds 
========================================================================
Received Import Request.
  Time since last request: 37.507260 seconds.
  path: Assets/Fonts/Satisfy/Satisfy-Regular.ttf
  artifactKey: Guid(9a07edcb04f65c34784aaac3181a313c) Importer(815301076,1909f56bfc062723c751e8b465ee728b)
Start importing Assets/Fonts/Satisfy/Satisfy-Regular.ttf using Guid(9a07edcb04f65c34784aaac3181a313c) Importer(815301076,1909f56bfc062723c751e8b465ee728b)  -> (artifact id: '936a89fc5686f90f36db424b7d2e529c') in 0.144145 seconds 
========================================================================
Received Import Request.
  Time since last request: 0.041891 seconds.
  path: Assets/Fonts/Saira/static/Saira_UltraCondensed/Saira_UltraCondensed-Thin.ttf
  artifactKey: Guid(5576731d37bac324c8081bfeaac9723a) Importer(815301076,1909f56bfc062723c751e8b465ee728b)
Start importing Assets/Fonts/Saira/static/Saira_UltraCondensed/Saira_UltraCondensed-Thin.ttf using Guid(5576731d37bac324c8081bfeaac9723a) Importer(815301076,1909f56bfc062723c751e8b465ee728b)  -> (artifact id: '9d5dfc5bb2586f4b2517401445d45bcb') in 0.125800 seconds 
========================================================================
Received Import Request.
  Time since last request: 6.554779 seconds.
  path: Assets/Fonts/Saira/static/Saira_UltraCondensed/Saira_UltraCondensed-SemiBold.ttf
  artifactKey: Guid(2b91c8f6e155edb4dac75da38434efdd) Importer(815301076,1909f56bfc062723c751e8b465ee728b)
Start importing Assets/Fonts/Saira/static/Saira_UltraCondensed/Saira_UltraCondensed-SemiBold.ttf using Guid(2b91c8f6e155edb4dac75da38434efdd) Importer(815301076,1909f56bfc062723c751e8b465ee728b)  -> (artifact id: '8694cb9ba8eca76910a99531e52d4f8c') in 0.125195 seconds 
========================================================================
Received Import Request.
  Time since last request: 0.389983 seconds.
  path: Assets/Fonts/Saira/static/Saira_UltraCondensed/Saira_UltraCondensed-MediumItalic.ttf
  artifactKey: Guid(0ab53e5758634cb4a9d3a66a121a8720) Importer(815301076,1909f56bfc062723c751e8b465ee728b)
Start importing Assets/Fonts/Saira/static/Saira_UltraCondensed/Saira_UltraCondensed-MediumItalic.ttf using Guid(0ab53e5758634cb4a9d3a66a121a8720) Importer(815301076,1909f56bfc062723c751e8b465ee728b)  -> (artifact id: 'c0037b1e3cab84ee8a8f601ebc32e9b3') in 0.162357 seconds 
========================================================================
Received Import Request.
  Time since last request: 0.006463 seconds.
  path: Assets/Fonts/Saira/static/Saira_UltraCondensed/Saira_UltraCondensed-LightItalic.ttf
  artifactKey: Guid(9b9cd65e41f5b6e4ba9b7d6af28b9833) Importer(815301076,1909f56bfc062723c751e8b465ee728b)
Start importing Assets/Fonts/Saira/static/Saira_UltraCondensed/Saira_UltraCondensed-LightItalic.ttf using Guid(9b9cd65e41f5b6e4ba9b7d6af28b9833) Importer(815301076,1909f56bfc062723c751e8b465ee728b)  -> (artifact id: 'd365b0e3a3fceba613e51715ba8d4a50') in 0.111447 seconds 
========================================================================
Received Import Request.
  Time since last request: 0.082366 seconds.
  path: Assets/Fonts/Saira/static/Saira_UltraCondensed/Saira_UltraCondensed-Italic.ttf
  artifactKey: Guid(b53ae65544259444fb8c59747d4724f5) Importer(815301076,1909f56bfc062723c751e8b465ee728b)
Start importing Assets/Fonts/Saira/static/Saira_UltraCondensed/Saira_UltraCondensed-Italic.ttf using Guid(b53ae65544259444fb8c59747d4724f5) Importer(815301076,1909f56bfc062723c751e8b465ee728b)  -> (artifact id: '49abd2668351d4fb416c9a3a6f5ce572') in 0.196293 seconds 
========================================================================
Received Import Request.
  Time since last request: 0.020486 seconds.
  path: Assets/Fonts/Saira/static/Saira_UltraCondensed/Saira_UltraCondensed-ExtraLight.ttf
  artifactKey: Guid(aaa447897251efc42aff806b6e0280c1) Importer(815301076,1909f56bfc062723c751e8b465ee728b)
Start importing Assets/Fonts/Saira/static/Saira_UltraCondensed/Saira_UltraCondensed-ExtraLight.ttf using Guid(aaa447897251efc42aff806b6e0280c1) Importer(815301076,1909f56bfc062723c751e8b465ee728b)  -> (artifact id: 'ef020743963051c3910ee58ec9bc54ef') in 0.154171 seconds 
========================================================================
Received Import Request.
  Time since last request: 0.000028 seconds.
  path: Assets/Fonts/Saira/static/Saira_UltraCondensed/Saira_UltraCondensed-ExtraBold.ttf
  artifactKey: Guid(d68873e36f417a247a10e0f1dbabf617) Importer(815301076,1909f56bfc062723c751e8b465ee728b)
Start importing Assets/Fonts/Saira/static/Saira_UltraCondensed/Saira_UltraCondensed-ExtraBold.ttf using Guid(d68873e36f417a247a10e0f1dbabf617) Importer(815301076,1909f56bfc062723c751e8b465ee728b)  -> (artifact id: '14127dac9988a7a696ed194f13f7ce43') in 0.104276 seconds 
========================================================================
Received Import Request.
  Time since last request: 0.412308 seconds.
  path: Assets/Fonts/Saira/static/Saira_UltraCondensed/Saira_UltraCondensed-Bold.ttf
  artifactKey: Guid(d5f8191a1f5081341ac9e6e82df2c4d6) Importer(815301076,1909f56bfc062723c751e8b465ee728b)
Start importing Assets/Fonts/Saira/static/Saira_UltraCondensed/Saira_UltraCondensed-Bold.ttf using Guid(d5f8191a1f5081341ac9e6e82df2c4d6) Importer(815301076,1909f56bfc062723c751e8b465ee728b)  -> (artifact id: 'c4214676f73eea8b2437921278c97720') in 0.138166 seconds 
========================================================================
Received Import Request.
  Time since last request: 0.040539 seconds.
  path: Assets/Fonts/Saira/static/Saira_UltraCondensed/Saira_UltraCondensed-Black.ttf
  artifactKey: Guid(48acfc0131cfc1a468ead908bec6d576) Importer(815301076,1909f56bfc062723c751e8b465ee728b)
Start importing Assets/Fonts/Saira/static/Saira_UltraCondensed/Saira_UltraCondensed-Black.ttf using Guid(48acfc0131cfc1a468ead908bec6d576) Importer(815301076,1909f56bfc062723c751e8b465ee728b)  -> (artifact id: '3f64bf788b042bec6c18389443d07f26') in 0.153967 seconds 
========================================================================
Received Import Request.
  Time since last request: 0.060385 seconds.
  path: Assets/Fonts/Saira/static/Saira_SemiExpanded/Saira_SemiExpanded-Thin.ttf
  artifactKey: Guid(5663c781468f86f4b93b1a05fdef0c5f) Importer(815301076,1909f56bfc062723c751e8b465ee728b)
Start importing Assets/Fonts/Saira/static/Saira_SemiExpanded/Saira_SemiExpanded-Thin.ttf using Guid(5663c781468f86f4b93b1a05fdef0c5f) Importer(815301076,1909f56bfc062723c751e8b465ee728b)  -> (artifact id: 'a6190fadb7468c089ec32b135ebe3a92') in 0.137779 seconds 
========================================================================
Received Import Request.
  Time since last request: 0.052012 seconds.
  path: Assets/Fonts/Saira/static/Saira_SemiExpanded/Saira_SemiExpanded-SemiBold.ttf
  artifactKey: Guid(471da23f215e5fc4db1c3156b119cb5f) Importer(815301076,1909f56bfc062723c751e8b465ee728b)
Start importing Assets/Fonts/Saira/static/Saira_SemiExpanded/Saira_SemiExpanded-SemiBold.ttf using Guid(471da23f215e5fc4db1c3156b119cb5f) Importer(815301076,1909f56bfc062723c751e8b465ee728b)  -> (artifact id: '3d859b38ad0507715c949a60846fd2d6') in 0.176643 seconds 
========================================================================
Received Import Request.
  Time since last request: 0.322005 seconds.
  path: Assets/Fonts/Saira/static/Saira_SemiExpanded/Saira_SemiExpanded-MediumItalic.ttf
  artifactKey: Guid(f11796949daf9f64d84197f4c9cd21c8) Importer(815301076,1909f56bfc062723c751e8b465ee728b)
Start importing Assets/Fonts/Saira/static/Saira_SemiExpanded/Saira_SemiExpanded-MediumItalic.ttf using Guid(f11796949daf9f64d84197f4c9cd21c8) Importer(815301076,1909f56bfc062723c751e8b465ee728b)  -> (artifact id: 'c3e93a936af99fd5fa5d84e74c92b6fe') in 0.092033 seconds 
========================================================================
Received Import Request.
  Time since last request: 0.042881 seconds.
  path: Assets/Fonts/Saira/static/Saira_SemiExpanded/Saira_SemiExpanded-Italic.ttf
  artifactKey: Guid(1a67dcf8d270b784693c5fcc61eb1464) Importer(815301076,1909f56bfc062723c751e8b465ee728b)
Start importing Assets/Fonts/Saira/static/Saira_SemiExpanded/Saira_SemiExpanded-Italic.ttf using Guid(1a67dcf8d270b784693c5fcc61eb1464) Importer(815301076,1909f56bfc062723c751e8b465ee728b)  -> (artifact id: 'a286084dfe0aee61819c5c5e5474d789') in 0.118079 seconds 
========================================================================
Received Import Request.
  Time since last request: 0.000299 seconds.
  path: Assets/Fonts/Saira/static/Saira_SemiExpanded/Saira_SemiExpanded-LightItalic.ttf
  artifactKey: Guid(d8265f28d3fd8ea46a0fe9e53db17290) Importer(815301076,1909f56bfc062723c751e8b465ee728b)
Start importing Assets/Fonts/Saira/static/Saira_SemiExpanded/Saira_SemiExpanded-LightItalic.ttf using Guid(d8265f28d3fd8ea46a0fe9e53db17290) Importer(815301076,1909f56bfc062723c751e8b465ee728b)  -> (artifact id: 'c2c4654b1d39d5dc6411faaa72e24174') in 0.251931 seconds 
========================================================================
Received Import Request.
  Time since last request: 0.000040 seconds.
  path: Assets/Fonts/Saira/static/Saira_SemiExpanded/Saira_SemiExpanded-ExtraBold.ttf
  artifactKey: Guid(8df4115d72867ce409541a60300cf9d7) Importer(815301076,1909f56bfc062723c751e8b465ee728b)
Start importing Assets/Fonts/Saira/static/Saira_SemiExpanded/Saira_SemiExpanded-ExtraBold.ttf using Guid(8df4115d72867ce409541a60300cf9d7) Importer(815301076,1909f56bfc062723c751e8b465ee728b)  -> (artifact id: '978e8cf8847e45a129f7732307a92a08') in 0.133921 seconds 
========================================================================
Received Import Request.
  Time since last request: 0.000036 seconds.
  path: Assets/Fonts/Saira/static/Saira_SemiExpanded/Saira_SemiExpanded-ExtraLight.ttf
  artifactKey: Guid(858b2e5b2cf1d0040a3c78c70c1777b0) Importer(815301076,1909f56bfc062723c751e8b465ee728b)
Start importing Assets/Fonts/Saira/static/Saira_SemiExpanded/Saira_SemiExpanded-ExtraLight.ttf using Guid(858b2e5b2cf1d0040a3c78c70c1777b0) Importer(815301076,1909f56bfc062723c751e8b465ee728b)  -> (artifact id: 'e9bba7e6db93912d1ea1d13f0cd70ff5') in 0.118501 seconds 
========================================================================
Received Import Request.
  Time since last request: 0.000027 seconds.
  path: Assets/Fonts/Saira/static/Saira_SemiExpanded/Saira_SemiExpanded-BoldItalic.ttf
  artifactKey: Guid(23340f0331ff6f9499c059876d67d3ea) Importer(815301076,1909f56bfc062723c751e8b465ee728b)
Start importing Assets/Fonts/Saira/static/Saira_SemiExpanded/Saira_SemiExpanded-BoldItalic.ttf using Guid(23340f0331ff6f9499c059876d67d3ea) Importer(815301076,1909f56bfc062723c751e8b465ee728b)  -> (artifact id: '1e82846fdbdb6a38f3630ca9f6cfe62d') in 0.187737 seconds 
========================================================================
Received Import Request.
  Time since last request: 0.000035 seconds.
  path: Assets/Fonts/Saira/static/Saira_SemiExpanded/Saira_SemiExpanded-Bold.ttf
  artifactKey: Guid(7f1a695a9dfedde41a13f4d6290eaef4) Importer(815301076,1909f56bfc062723c751e8b465ee728b)
Start importing Assets/Fonts/Saira/static/Saira_SemiExpanded/Saira_SemiExpanded-Bold.ttf using Guid(7f1a695a9dfedde41a13f4d6290eaef4) Importer(815301076,1909f56bfc062723c751e8b465ee728b)  -> (artifact id: '79b533f1a6feee76d6acc643c4b3a612') in 0.048142 seconds 
========================================================================
Received Import Request.
  Time since last request: 0.180877 seconds.
  path: Assets/Fonts/Saira/static/Saira_SemiCondensed/Saira_SemiCondensed-Thin.ttf
  artifactKey: Guid(6f2cbe04ee8d0df48b49a3714aa1af2a) Importer(815301076,1909f56bfc062723c751e8b465ee728b)
Start importing Assets/Fonts/Saira/static/Saira_SemiCondensed/Saira_SemiCondensed-Thin.ttf using Guid(6f2cbe04ee8d0df48b49a3714aa1af2a) Importer(815301076,1909f56bfc062723c751e8b465ee728b)  -> (artifact id: 'f07b4df49637d62debf85d84f448071e') in 0.137697 seconds 
========================================================================
Received Import Request.
  Time since last request: 0.000036 seconds.
  path: Assets/Fonts/Saira/static/Saira_SemiCondensed/Saira_SemiCondensed-Regular.ttf
  artifactKey: Guid(45d193f8ba7013a42a85f33a4b24999a) Importer(815301076,1909f56bfc062723c751e8b465ee728b)
Start importing Assets/Fonts/Saira/static/Saira_SemiCondensed/Saira_SemiCondensed-Regular.ttf using Guid(45d193f8ba7013a42a85f33a4b24999a) Importer(815301076,1909f56bfc062723c751e8b465ee728b)  -> (artifact id: '6e9538e04a0fcbb021058657b0ec98d1') in 0.132013 seconds 
========================================================================
Received Import Request.
  Time since last request: 0.000043 seconds.
  path: Assets/Fonts/Saira/static/Saira_SemiExpanded/Saira_SemiExpanded-Black.ttf
  artifactKey: Guid(67af49af02988b84583c424a30ebe8ca) Importer(815301076,1909f56bfc062723c751e8b465ee728b)
Start importing Assets/Fonts/Saira/static/Saira_SemiExpanded/Saira_SemiExpanded-Black.ttf using Guid(67af49af02988b84583c424a30ebe8ca) Importer(815301076,1909f56bfc062723c751e8b465ee728b)  -> (artifact id: 'dec1ecd1d83b7e6b38fe3a75caebb83f') in 0.058072 seconds 
========================================================================
Received Import Request.
  Time since last request: 0.000034 seconds.
  path: Assets/Fonts/Saira/static/Saira_SemiCondensed/Saira_SemiCondensed-SemiBold.ttf
  artifactKey: Guid(7ec76e517d4a25b4595e16053a718683) Importer(815301076,1909f56bfc062723c751e8b465ee728b)
Start importing Assets/Fonts/Saira/static/Saira_SemiCondensed/Saira_SemiCondensed-SemiBold.ttf using Guid(7ec76e517d4a25b4595e16053a718683) Importer(815301076,1909f56bfc062723c751e8b465ee728b)  -> (artifact id: '9635aeea73b69159a5e75e26922097e3') in 0.118938 seconds 
========================================================================
Received Import Request.
  Time since last request: 0.871203 seconds.
  path: Assets/Fonts/Saira/static/Saira_SemiCondensed/Saira_SemiCondensed-MediumItalic.ttf
  artifactKey: Guid(444acdb7d243e344981e304495a1a0ba) Importer(815301076,1909f56bfc062723c751e8b465ee728b)
Start importing Assets/Fonts/Saira/static/Saira_SemiCondensed/Saira_SemiCondensed-MediumItalic.ttf using Guid(444acdb7d243e344981e304495a1a0ba) Importer(815301076,1909f56bfc062723c751e8b465ee728b)  -> (artifact id: 'd46c9efc0ef62dc2233856620f2ef6df') in 0.215986 seconds 
========================================================================
Received Import Request.
  Time since last request: 0.000053 seconds.
  path: Assets/Fonts/Saira/static/Saira_SemiCondensed/Saira_SemiCondensed-Light.ttf
  artifactKey: Guid(976e3443bc654ba4090f863507cb2021) Importer(815301076,1909f56bfc062723c751e8b465ee728b)
Start importing Assets/Fonts/Saira/static/Saira_SemiCondensed/Saira_SemiCondensed-Light.ttf using Guid(976e3443bc654ba4090f863507cb2021) Importer(815301076,1909f56bfc062723c751e8b465ee728b)  -> (artifact id: 'd6f5dc5c159071c10bf7aeab3acf201b') in 0.286651 seconds 
========================================================================
Received Import Request.
  Time since last request: 0.000036 seconds.
  path: Assets/Fonts/Saira/static/Saira/Saira-ThinItalic.ttf
  artifactKey: Guid(ffa0051f1fa1dc9489412678fe63e959) Importer(815301076,1909f56bfc062723c751e8b465ee728b)
Start importing Assets/Fonts/Saira/static/Saira/Saira-ThinItalic.ttf using Guid(ffa0051f1fa1dc9489412678fe63e959) Importer(815301076,1909f56bfc062723c751e8b465ee728b)  -> (artifact id: 'a0e255859a591f18628a7c3ec974a505') in 0.140598 seconds 
========================================================================
Received Import Request.
  Time since last request: 0.000194 seconds.
  path: Assets/Fonts/Love_Ya_Like_A_Sister/LoveYaLikeASister-Regular.ttf
  artifactKey: Guid(c9f0f7dba244dbf4ea3f9fc6fa7aa2cb) Importer(815301076,1909f56bfc062723c751e8b465ee728b)
Start importing Assets/Fonts/Love_Ya_Like_A_Sister/LoveYaLikeASister-Regular.ttf using Guid(c9f0f7dba244dbf4ea3f9fc6fa7aa2cb) Importer(815301076,1909f56bfc062723c751e8b465ee728b)  -> (artifact id: 'aea789899566286383ea0055c2e2575a') in 0.300076 seconds 
========================================================================
Received Import Request.
  Time since last request: 0.000046 seconds.
  path: Assets/Fonts/Saira/static/Saira_ExtraCondensed/Saira_ExtraCondensed-BoldItalic.ttf
  artifactKey: Guid(a9581c58169a6b04190a038dd9d2a7c1) Importer(815301076,1909f56bfc062723c751e8b465ee728b)
Start importing Assets/Fonts/Saira/static/Saira_ExtraCondensed/Saira_ExtraCondensed-BoldItalic.ttf using Guid(a9581c58169a6b04190a038dd9d2a7c1) Importer(815301076,1909f56bfc062723c751e8b465ee728b)  -> (artifact id: 'b362ebd55f7a3762248568a9c38c9a35') in 0.293606 seconds 
========================================================================
Received Import Request.
  Time since last request: 0.000042 seconds.
  path: Assets/Fonts/Saira/static/Saira_Condensed/Saira_Condensed-ExtraLightItalic.ttf
  artifactKey: Guid(7f5e9197365db62438cb1a0a2a5967af) Importer(815301076,1909f56bfc062723c751e8b465ee728b)
Start importing Assets/Fonts/Saira/static/Saira_Condensed/Saira_Condensed-ExtraLightItalic.ttf using Guid(7f5e9197365db62438cb1a0a2a5967af) Importer(815301076,1909f56bfc062723c751e8b465ee728b)  -> (artifact id: 'f19b6d80390ded83efdd78cf3789729e') in 0.079259 seconds 
========================================================================
Received Import Request.
  Time since last request: 0.000021 seconds.
  path: Assets/Fonts/Saira/static/Saira_ExtraCondensed/Saira_ExtraCondensed-Light.ttf
  artifactKey: Guid(da90dedb67e0ab74798018019aef5f0f) Importer(815301076,1909f56bfc062723c751e8b465ee728b)
Start importing Assets/Fonts/Saira/static/Saira_ExtraCondensed/Saira_ExtraCondensed-Light.ttf using Guid(da90dedb67e0ab74798018019aef5f0f) Importer(815301076,1909f56bfc062723c751e8b465ee728b)  -> (artifact id: '73b72720ec65bf1f6112a81ed1f65b91') in 0.321794 seconds 
========================================================================
Received Import Request.
  Time since last request: 0.000033 seconds.
  path: Assets/Fonts/Saira/static/Saira_ExtraCondensed/Saira_ExtraCondensed-ExtraBoldItalic.ttf
  artifactKey: Guid(af054c4b8a8e5194b8f337c38c5c6ed4) Importer(815301076,1909f56bfc062723c751e8b465ee728b)
Start importing Assets/Fonts/Saira/static/Saira_ExtraCondensed/Saira_ExtraCondensed-ExtraBoldItalic.ttf using Guid(af054c4b8a8e5194b8f337c38c5c6ed4) Importer(815301076,1909f56bfc062723c751e8b465ee728b)  -> (artifact id: '225f22791291451c89b6c39a08577190') in 0.125396 seconds 
========================================================================
Received Import Request.
  Time since last request: 0.001411 seconds.
  path: Assets/Fonts/Saira/static/Saira_ExtraCondensed/Saira_ExtraCondensed-Italic.ttf
  artifactKey: Guid(25484c1fa807bdf4ca92983c9dcf271f) Importer(815301076,1909f56bfc062723c751e8b465ee728b)
Start importing Assets/Fonts/Saira/static/Saira_ExtraCondensed/Saira_ExtraCondensed-Italic.ttf using Guid(25484c1fa807bdf4ca92983c9dcf271f) Importer(815301076,1909f56bfc062723c751e8b465ee728b)  -> (artifact id: '6ad293c47560d5e78ab1d8aabdb74731') in 0.127405 seconds 
========================================================================
Received Import Request.
  Time since last request: 0.002866 seconds.
  path: Assets/Fonts/Gloria_Hallelujah/GloriaHallelujah-Regular.ttf
  artifactKey: Guid(757fe8cf922d68c44b431b12955787fa) Importer(815301076,1909f56bfc062723c751e8b465ee728b)
Start importing Assets/Fonts/Gloria_Hallelujah/GloriaHallelujah-Regular.ttf using Guid(757fe8cf922d68c44b431b12955787fa) Importer(815301076,1909f56bfc062723c751e8b465ee728b)  -> (artifact id: '188c08d143fb9505a1c5b183d758f7a1') in 0.141196 seconds 
========================================================================
Received Import Request.
  Time since last request: 0.000034 seconds.
  path: Assets/Fonts/Saira/static/Saira_SemiCondensed/Saira_SemiCondensed-BlackItalic.ttf
  artifactKey: Guid(8c53cfa89a1b4404d81632cf8acd0008) Importer(815301076,1909f56bfc062723c751e8b465ee728b)
Start importing Assets/Fonts/Saira/static/Saira_SemiCondensed/Saira_SemiCondensed-BlackItalic.ttf using Guid(8c53cfa89a1b4404d81632cf8acd0008) Importer(815301076,1909f56bfc062723c751e8b465ee728b)  -> (artifact id: '9ae249748e3c5e34cdf8f1fc1028b3ce') in 0.126142 seconds 
========================================================================
Received Import Request.
  Time since last request: 0.000039 seconds.
  path: Assets/Fonts/Cinzel/static/Cinzel-ExtraBold.ttf
  artifactKey: Guid(f86457ba81021bf43b852445656ad6a3) Importer(815301076,1909f56bfc062723c751e8b465ee728b)
Start importing Assets/Fonts/Cinzel/static/Cinzel-ExtraBold.ttf using Guid(f86457ba81021bf43b852445656ad6a3) Importer(815301076,1909f56bfc062723c751e8b465ee728b)  -> (artifact id: 'b621d6096ef350bd0668f2982efca8fa') in 0.159261 seconds 
========================================================================
Received Import Request.
  Time since last request: 0.000029 seconds.
  path: Assets/Fonts/Saira/static/Saira_SemiCondensed/Saira_SemiCondensed-ExtraBoldItalic.ttf
  artifactKey: Guid(ea5a619fb297af84c8dc627f9722f904) Importer(815301076,1909f56bfc062723c751e8b465ee728b)
Start importing Assets/Fonts/Saira/static/Saira_SemiCondensed/Saira_SemiCondensed-ExtraBoldItalic.ttf using Guid(ea5a619fb297af84c8dc627f9722f904) Importer(815301076,1909f56bfc062723c751e8b465ee728b)  -> (artifact id: '5e270c40ca4f326518942795910929d5') in 0.462467 seconds 
========================================================================
Received Import Request.
  Time since last request: 0.000049 seconds.
  path: Assets/Fonts/Nanum_Pen_Script/NanumPenScript-Regular.ttf
  artifactKey: Guid(a48604537c2cc674d9d5be301a61aa34) Importer(815301076,1909f56bfc062723c751e8b465ee728b)
Start importing Assets/Fonts/Nanum_Pen_Script/NanumPenScript-Regular.ttf using Guid(a48604537c2cc674d9d5be301a61aa34) Importer(815301076,1909f56bfc062723c751e8b465ee728b)  -> (artifact id: 'b57e145a1b2a09f7f9f19be164670415') in 0.712769 seconds 
========================================================================
Received Import Request.
  Time since last request: 0.000043 seconds.
  path: Assets/Fonts/Saira/static/Saira_SemiCondensed/Saira_SemiCondensed-ExtraLightItalic.ttf
  artifactKey: Guid(0368cf8e1a8ed074abff147899d8f414) Importer(815301076,1909f56bfc062723c751e8b465ee728b)
Start importing Assets/Fonts/Saira/static/Saira_SemiCondensed/Saira_SemiCondensed-ExtraLightItalic.ttf using Guid(0368cf8e1a8ed074abff147899d8f414) Importer(815301076,1909f56bfc062723c751e8b465ee728b)  -> (artifact id: 'eaafbccd5e2d0b2869a1280820a5e1b4') in 0.163644 seconds 
========================================================================
Received Import Request.
  Time since last request: 0.000031 seconds.
  path: Assets/Fonts/Saira/static/Saira_Condensed/Saira_Condensed-Thin.ttf
  artifactKey: Guid(e75aa71b07e3a25419919ce47b6708df) Importer(815301076,1909f56bfc062723c751e8b465ee728b)
Start importing Assets/Fonts/Saira/static/Saira_Condensed/Saira_Condensed-Thin.ttf using Guid(e75aa71b07e3a25419919ce47b6708df) Importer(815301076,1909f56bfc062723c751e8b465ee728b)  -> (artifact id: '532ea7fd09a20d7f017beff198e854d0') in 0.790133 seconds 
========================================================================
Received Import Request.
  Time since last request: 0.000042 seconds.
  path: Assets/Fonts/Saira/static/Saira/Saira-ExtraLightItalic.ttf
  artifactKey: Guid(bca9bb1d7def6f9499d8c67e061bc6e1) Importer(815301076,1909f56bfc062723c751e8b465ee728b)
Start importing Assets/Fonts/Saira/static/Saira/Saira-ExtraLightItalic.ttf using Guid(bca9bb1d7def6f9499d8c67e061bc6e1) Importer(815301076,1909f56bfc062723c751e8b465ee728b)  -> (artifact id: '40ebf2f0d73161c589a862e77dc4133c') in 0.223173 seconds 
========================================================================
Received Import Request.
  Time since last request: 0.000048 seconds.
  path: Assets/Fonts/Annie_Use_Your_Telescope/AnnieUseYourTelescope-Regular.ttf
  artifactKey: Guid(9f8069d40fac0f84b8ba014e00947d0a) Importer(815301076,1909f56bfc062723c751e8b465ee728b)
Start importing Assets/Fonts/Annie_Use_Your_Telescope/AnnieUseYourTelescope-Regular.ttf using Guid(9f8069d40fac0f84b8ba014e00947d0a) Importer(815301076,1909f56bfc062723c751e8b465ee728b)  -> (artifact id: '11715d1c4c1f54b180555fd73a98917f') in 0.165334 seconds 
========================================================================
Received Import Request.
  Time since last request: 0.000032 seconds.
  path: Assets/Fonts/Acme/Acme-Regular.ttf
  artifactKey: Guid(f192125912f4c5048be139ac3cfffab6) Importer(815301076,1909f56bfc062723c751e8b465ee728b)
Start importing Assets/Fonts/Acme/Acme-Regular.ttf using Guid(f192125912f4c5048be139ac3cfffab6) Importer(815301076,1909f56bfc062723c751e8b465ee728b)  -> (artifact id: 'da477f021e13c8313bfa9c784af36bb2') in 0.125755 seconds 
========================================================================
Received Import Request.
  Time since last request: 0.000108 seconds.
  path: Assets/Fonts/Saira/static/Saira/Saira-Thin.ttf
  artifactKey: Guid(f5d6708ed3893ce41b791510a5769fe8) Importer(815301076,1909f56bfc062723c751e8b465ee728b)
Start importing Assets/Fonts/Saira/static/Saira/Saira-Thin.ttf using Guid(f5d6708ed3893ce41b791510a5769fe8) Importer(815301076,1909f56bfc062723c751e8b465ee728b)  -> (artifact id: '12111b34b3043098bea7b80344d17f11') in 0.099223 seconds 
========================================================================
Received Import Request.
  Time since last request: 0.000035 seconds.
  path: Assets/Fonts/Saira/static/Saira_Expanded/Saira_Expanded-ExtraLightItalic.ttf
  artifactKey: Guid(83bb45f68ac2d174faa695e93eca4ed7) Importer(815301076,1909f56bfc062723c751e8b465ee728b)
Start importing Assets/Fonts/Saira/static/Saira_Expanded/Saira_Expanded-ExtraLightItalic.ttf using Guid(83bb45f68ac2d174faa695e93eca4ed7) Importer(815301076,1909f56bfc062723c751e8b465ee728b)  -> (artifact id: 'f24cf92fde21d726808b85a5a9c70515') in 0.140741 seconds 
========================================================================
Received Import Request.
  Time since last request: 0.000029 seconds.
  path: Assets/Fonts/Saira/static/Saira_Expanded/Saira_Expanded-MediumItalic.ttf
  artifactKey: Guid(be487b36f83fda14e9abd54758712407) Importer(815301076,1909f56bfc062723c751e8b465ee728b)
Start importing Assets/Fonts/Saira/static/Saira_Expanded/Saira_Expanded-MediumItalic.ttf using Guid(be487b36f83fda14e9abd54758712407) Importer(815301076,1909f56bfc062723c751e8b465ee728b)  -> (artifact id: '63d0670d00109159a35d3656028cbb0b') in 0.148861 seconds 
========================================================================
Received Import Request.
  Time since last request: 0.000030 seconds.
  path: Assets/Fonts/Overlock_SC/OverlockSC-Regular.ttf
  artifactKey: Guid(e8f287096196dca4c9e0ed5dcdbcad7f) Importer(815301076,1909f56bfc062723c751e8b465ee728b)
Start importing Assets/Fonts/Overlock_SC/OverlockSC-Regular.ttf using Guid(e8f287096196dca4c9e0ed5dcdbcad7f) Importer(815301076,1909f56bfc062723c751e8b465ee728b)  -> (artifact id: 'cce2b43b4a5f465b910473be9073d749') in 0.150262 seconds 
========================================================================
Received Import Request.
  Time since last request: 0.000040 seconds.
  path: Assets/Fonts/Cinzel/static/Cinzel-Bold.ttf
  artifactKey: Guid(9d95ae97e5fe6bb42b5d64b03bcfc188) Importer(815301076,1909f56bfc062723c751e8b465ee728b)
Start importing Assets/Fonts/Cinzel/static/Cinzel-Bold.ttf using Guid(9d95ae97e5fe6bb42b5d64b03bcfc188) Importer(815301076,1909f56bfc062723c751e8b465ee728b)  -> (artifact id: '46aaf530215ef1bf8de5a2dc983f4648') in 0.074413 seconds 
========================================================================
Received Import Request.
  Time since last request: 0.000029 seconds.
  path: Assets/Fonts/MedievalSharp/MedievalSharp-Regular.ttf
  artifactKey: Guid(b3330a5be8e9fc041b51cd264819ea0d) Importer(815301076,1909f56bfc062723c751e8b465ee728b)
Start importing Assets/Fonts/MedievalSharp/MedievalSharp-Regular.ttf using Guid(b3330a5be8e9fc041b51cd264819ea0d) Importer(815301076,1909f56bfc062723c751e8b465ee728b)  -> (artifact id: '16b379ba2e74b339114a6e00efc607e4') in 0.113627 seconds 
========================================================================
Received Import Request.
  Time since last request: 0.000044 seconds.
  path: Assets/Fonts/Metal_Mania/MetalMania-Regular.ttf
  artifactKey: Guid(2cf2aed8fe2b3d9419d73a56a6a3cf7f) Importer(815301076,1909f56bfc062723c751e8b465ee728b)
Start importing Assets/Fonts/Metal_Mania/MetalMania-Regular.ttf using Guid(2cf2aed8fe2b3d9419d73a56a6a3cf7f) Importer(815301076,1909f56bfc062723c751e8b465ee728b)  -> (artifact id: '94f63d4e428087c943df882602dbc3c5') in 0.095086 seconds 
========================================================================
Received Import Request.
  Time since last request: 0.000041 seconds.
  path: Assets/Fonts/Saira/static/Saira_Expanded/Saira_Expanded-BoldItalic.ttf
  artifactKey: Guid(9e04d6b8d9da73c419028cf169c17925) Importer(815301076,1909f56bfc062723c751e8b465ee728b)
Start importing Assets/Fonts/Saira/static/Saira_Expanded/Saira_Expanded-BoldItalic.ttf using Guid(9e04d6b8d9da73c419028cf169c17925) Importer(815301076,1909f56bfc062723c751e8b465ee728b)  -> (artifact id: '55f4ed613d842fe7ec8e88b4253abc4c') in 0.136079 seconds 
========================================================================
Received Import Request.
  Time since last request: 0.000029 seconds.
  path: Assets/Fonts/Caveat/static/Caveat-Medium.ttf
  artifactKey: Guid(fe3707a24be65024fb3d29dbbe454371) Importer(815301076,1909f56bfc062723c751e8b465ee728b)
Start importing Assets/Fonts/Caveat/static/Caveat-Medium.ttf using Guid(fe3707a24be65024fb3d29dbbe454371) Importer(815301076,1909f56bfc062723c751e8b465ee728b)  -> (artifact id: '92ef86f307494d037685b301214ae264') in 0.077671 seconds 
========================================================================
Received Import Request.
  Time since last request: 0.000027 seconds.
  path: Assets/Fonts/Architects_Daughter/ArchitectsDaughter-Regular.ttf
  artifactKey: Guid(e325af42cd504bb47bab559c6f5e2974) Importer(815301076,1909f56bfc062723c751e8b465ee728b)
Start importing Assets/Fonts/Architects_Daughter/ArchitectsDaughter-Regular.ttf using Guid(e325af42cd504bb47bab559c6f5e2974) Importer(815301076,1909f56bfc062723c751e8b465ee728b)  -> (artifact id: 'c0115f5ae92407703fec35cd551af0c9') in 0.154709 seconds 
========================================================================
Received Import Request.
  Time since last request: 0.000263 seconds.
  path: Assets/Fonts/Saira/static/Saira_Condensed/Saira_Condensed-Regular.ttf
  artifactKey: Guid(de63a77497cb4f54785152b0fde73f3a) Importer(815301076,1909f56bfc062723c751e8b465ee728b)
Start importing Assets/Fonts/Saira/static/Saira_Condensed/Saira_Condensed-Regular.ttf using Guid(de63a77497cb4f54785152b0fde73f3a) Importer(815301076,1909f56bfc062723c751e8b465ee728b)  -> (artifact id: '947c03029e96cd086ee550ed859a2a08') in 0.111130 seconds 
========================================================================
Received Import Request.
  Time since last request: 0.000128 seconds.
  path: Assets/Fonts/Saira/static/Saira_Condensed/Saira_Condensed-SemiBold.ttf
  artifactKey: Guid(4bc87073a0c57ce4580da70d47cd6229) Importer(815301076,1909f56bfc062723c751e8b465ee728b)
Start importing Assets/Fonts/Saira/static/Saira_Condensed/Saira_Condensed-SemiBold.ttf using Guid(4bc87073a0c57ce4580da70d47cd6229) Importer(815301076,1909f56bfc062723c751e8b465ee728b)  -> (artifact id: '23fdb8a50bdb246a996fa4bb725d6d89') in 0.300363 seconds 
========================================================================
Received Import Request.
  Time since last request: 0.000041 seconds.
  path: Assets/Fonts/Saira/static/Saira_ExtraCondensed/Saira_ExtraCondensed-ExtraLight.ttf
  artifactKey: Guid(74db36f37a6ce7647835147bc8ca2e0d) Importer(815301076,1909f56bfc062723c751e8b465ee728b)
Start importing Assets/Fonts/Saira/static/Saira_ExtraCondensed/Saira_ExtraCondensed-ExtraLight.ttf using Guid(74db36f37a6ce7647835147bc8ca2e0d) Importer(815301076,1909f56bfc062723c751e8b465ee728b)  -> (artifact id: '7d60e43f454d0606a59b104c154f752b') in 0.114185 seconds 
========================================================================
Received Import Request.
  Time since last request: 0.000033 seconds.
  path: Assets/Fonts/Saira/Saira-VariableFont_wdth,wght.ttf
  artifactKey: Guid(eb0f397c0bb30694dab1ab76e7ebec5e) Importer(815301076,1909f56bfc062723c751e8b465ee728b)
Start importing Assets/Fonts/Saira/Saira-VariableFont_wdth,wght.ttf using Guid(eb0f397c0bb30694dab1ab76e7ebec5e) Importer(815301076,1909f56bfc062723c751e8b465ee728b)  -> (artifact id: '0629ffe87a978eb2833f6e6d56c5be49') in 0.272157 seconds 
========================================================================
Received Import Request.
  Time since last request: 0.000041 seconds.
  path: Assets/Fonts/Saira/static/Saira/Saira-Medium.ttf
  artifactKey: Guid(51eefbaa4e9f3b94d9ef2e6f34e82de2) Importer(815301076,1909f56bfc062723c751e8b465ee728b)
Start importing Assets/Fonts/Saira/static/Saira/Saira-Medium.ttf using Guid(51eefbaa4e9f3b94d9ef2e6f34e82de2) Importer(815301076,1909f56bfc062723c751e8b465ee728b)  -> (artifact id: '84a1322001dfc8cd3dd2903cd8312df0') in 0.231302 seconds 
========================================================================
Received Import Request.
  Time since last request: 0.000035 seconds.
  path: Assets/Fonts/Saira/static/Saira_Expanded/Saira_Expanded-ThinItalic.ttf
  artifactKey: Guid(880cf835251e5c9468370bf3be28af01) Importer(815301076,1909f56bfc062723c751e8b465ee728b)
Start importing Assets/Fonts/Saira/static/Saira_Expanded/Saira_Expanded-ThinItalic.ttf using Guid(880cf835251e5c9468370bf3be28af01) Importer(815301076,1909f56bfc062723c751e8b465ee728b)  -> (artifact id: '9d7bd0a82c628818c312dcc67720007d') in 0.135281 seconds 
========================================================================
Received Import Request.
  Time since last request: 0.000107 seconds.
  path: Assets/Fonts/Caveat/static/Caveat-Regular.ttf
  artifactKey: Guid(4d5fbb809e081be4886da017119b30ce) Importer(815301076,1909f56bfc062723c751e8b465ee728b)
Start importing Assets/Fonts/Caveat/static/Caveat-Regular.ttf using Guid(4d5fbb809e081be4886da017119b30ce) Importer(815301076,1909f56bfc062723c751e8b465ee728b)  -> (artifact id: '9f46dfb31d78323c80e1c5f933c66311') in 0.147627 seconds 
========================================================================
Received Import Request.
  Time since last request: 0.000192 seconds.
  path: Assets/Fonts/Iceberg/Iceberg-Regular.ttf
  artifactKey: Guid(e246cba8e7ad39f41bbc34421f23d1de) Importer(815301076,1909f56bfc062723c751e8b465ee728b)
Start importing Assets/Fonts/Iceberg/Iceberg-Regular.ttf using Guid(e246cba8e7ad39f41bbc34421f23d1de) Importer(815301076,1909f56bfc062723c751e8b465ee728b)  -> (artifact id: 'c275a7e8a92bd5edf26c6c3adbdfab82') in 0.200611 seconds 
========================================================================
Received Import Request.
  Time since last request: 0.000036 seconds.
  path: Assets/Fonts/Saira/static/Saira_Expanded/Saira_Expanded-Thin.ttf
  artifactKey: Guid(374d29b6469e3434d9facaef04926e3e) Importer(815301076,1909f56bfc062723c751e8b465ee728b)
Start importing Assets/Fonts/Saira/static/Saira_Expanded/Saira_Expanded-Thin.ttf using Guid(374d29b6469e3434d9facaef04926e3e) Importer(815301076,1909f56bfc062723c751e8b465ee728b)  -> (artifact id: 'd852d654f9f60cffc900c53b749e0f57') in 0.137007 seconds 
========================================================================
Received Import Request.
  Time since last request: 0.000046 seconds.
  path: Assets/Fonts/Saira/static/Saira_ExtraCondensed/Saira_ExtraCondensed-Black.ttf
  artifactKey: Guid(7db9fee4acc53894fb52f6c7771ad2a5) Importer(815301076,1909f56bfc062723c751e8b465ee728b)
Start importing Assets/Fonts/Saira/static/Saira_ExtraCondensed/Saira_ExtraCondensed-Black.ttf using Guid(7db9fee4acc53894fb52f6c7771ad2a5) Importer(815301076,1909f56bfc062723c751e8b465ee728b)  -> (artifact id: '7a8c9474aa14079268557909dac60f04') in 0.684850 seconds 
========================================================================
Received Import Request.
  Time since last request: 0.000037 seconds.
  path: Assets/Fonts/Amatic_SC/AmaticSC-Bold.ttf
  artifactKey: Guid(2f132e1648c155b4eb53a58499c3eea9) Importer(815301076,1909f56bfc062723c751e8b465ee728b)
Start importing Assets/Fonts/Amatic_SC/AmaticSC-Bold.ttf using Guid(2f132e1648c155b4eb53a58499c3eea9) Importer(815301076,1909f56bfc062723c751e8b465ee728b)  -> (artifact id: '0d0e0c7c365e80cde8f068f0dab1d44c') in 0.222723 seconds 
========================================================================
Received Import Request.
  Time since last request: 0.000040 seconds.
  path: Assets/Fonts/Saira/static/Saira/Saira-Italic.ttf
  artifactKey: Guid(49f1837cb8b79634093cd27c03a5cb5b) Importer(815301076,1909f56bfc062723c751e8b465ee728b)
Start importing Assets/Fonts/Saira/static/Saira/Saira-Italic.ttf using Guid(49f1837cb8b79634093cd27c03a5cb5b) Importer(815301076,1909f56bfc062723c751e8b465ee728b)  -> (artifact id: 'd8d1f38b5136c3cc64709ac757912e94') in 0.140198 seconds 
========================================================================
Received Import Request.
  Time since last request: 0.000032 seconds.
  path: Assets/Fonts/Lacquer/Lacquer-Regular.ttf
  artifactKey: Guid(d468019707c5c674399c3a389adcff2a) Importer(815301076,1909f56bfc062723c751e8b465ee728b)
Start importing Assets/Fonts/Lacquer/Lacquer-Regular.ttf using Guid(d468019707c5c674399c3a389adcff2a) Importer(815301076,1909f56bfc062723c751e8b465ee728b)  -> (artifact id: 'a6245d25ae0819011f652fd342bb9d7c') in 0.170703 seconds 
========================================================================
Received Import Request.
  Time since last request: 0.000037 seconds.
  path: Assets/Fonts/Press_Start_2P/PressStart2P-Regular.ttf
  artifactKey: Guid(42ad0f2116cf6624584c4114ae03d748) Importer(815301076,1909f56bfc062723c751e8b465ee728b)
Start importing Assets/Fonts/Press_Start_2P/PressStart2P-Regular.ttf using Guid(42ad0f2116cf6624584c4114ae03d748) Importer(815301076,1909f56bfc062723c751e8b465ee728b)  -> (artifact id: '8fa67b7c83f81c94af9a7ba426ff9e90') in 0.109395 seconds 
========================================================================
Received Import Request.
  Time since last request: 0.000040 seconds.
  path: Assets/Fonts/Saira/static/Saira_ExtraCondensed/Saira_ExtraCondensed-Bold.ttf
  artifactKey: Guid(eefeb1763d3950e49aeecf97b6eeb47f) Importer(815301076,1909f56bfc062723c751e8b465ee728b)
Start importing Assets/Fonts/Saira/static/Saira_ExtraCondensed/Saira_ExtraCondensed-Bold.ttf using Guid(eefeb1763d3950e49aeecf97b6eeb47f) Importer(815301076,1909f56bfc062723c751e8b465ee728b)  -> (artifact id: '3f0e259ec54d905e70d1164cea454037') in 0.110821 seconds 
========================================================================
Received Import Request.
  Time since last request: 0.000033 seconds.
  path: Assets/Fonts/Saira/static/Saira_SemiCondensed/Saira_SemiCondensed-ExtraLight.ttf
  artifactKey: Guid(7c44119238c40d24db3eb0fd2ae8867c) Importer(815301076,1909f56bfc062723c751e8b465ee728b)
Start importing Assets/Fonts/Saira/static/Saira_SemiCondensed/Saira_SemiCondensed-ExtraLight.ttf using Guid(7c44119238c40d24db3eb0fd2ae8867c) Importer(815301076,1909f56bfc062723c751e8b465ee728b)  -> (artifact id: 'eaa0785afe0c0f3eb843410ba593e4a4') in 0.208271 seconds 
========================================================================
Received Import Request.
  Time since last request: 0.000037 seconds.
  path: Assets/Fonts/Saira/static/Saira_Expanded/Saira_Expanded-Bold.ttf
  artifactKey: Guid(d9f6ab1b81562284e8f3968a9474afbb) Importer(815301076,1909f56bfc062723c751e8b465ee728b)
Start importing Assets/Fonts/Saira/static/Saira_Expanded/Saira_Expanded-Bold.ttf using Guid(d9f6ab1b81562284e8f3968a9474afbb) Importer(815301076,1909f56bfc062723c751e8b465ee728b)  -> (artifact id: 'aa84ad295e41fb932312f04555c36733') in 0.131793 seconds 
========================================================================
Received Import Request.
  Time since last request: 0.000045 seconds.
  path: Assets/Fonts/Saira/static/Saira/Saira-MediumItalic.ttf
  artifactKey: Guid(893aafe0a7672de42bdfae290db2558d) Importer(815301076,1909f56bfc062723c751e8b465ee728b)
Start importing Assets/Fonts/Saira/static/Saira/Saira-MediumItalic.ttf using Guid(893aafe0a7672de42bdfae290db2558d) Importer(815301076,1909f56bfc062723c751e8b465ee728b)  -> (artifact id: '2b9cfc8938fabdab5c5224745dc9f1c8') in 0.145255 seconds 
========================================================================
Received Import Request.
  Time since last request: 0.000025 seconds.
  path: Assets/Fonts/Nanum_Brush_Script/NanumBrushScript-Regular.ttf
  artifactKey: Guid(e7615473af724484988f65796294d4a0) Importer(815301076,1909f56bfc062723c751e8b465ee728b)
Start importing Assets/Fonts/Nanum_Brush_Script/NanumBrushScript-Regular.ttf using Guid(e7615473af724484988f65796294d4a0) Importer(815301076,1909f56bfc062723c751e8b465ee728b)  -> (artifact id: '772cd520fcbb2524c4cb7bbc8b8067f4') in 0.196981 seconds 
========================================================================
Received Import Request.
  Time since last request: 0.000034 seconds.
  path: Assets/Fonts/Condiment/Condiment-Regular.ttf
  artifactKey: Guid(ef1d9f5c61d3b8f4b99559c653ba4b95) Importer(815301076,1909f56bfc062723c751e8b465ee728b)
Start importing Assets/Fonts/Condiment/Condiment-Regular.ttf using Guid(ef1d9f5c61d3b8f4b99559c653ba4b95) Importer(815301076,1909f56bfc062723c751e8b465ee728b)  -> (artifact id: '4ef3098487a354ab61e60eebfbccb08a') in 0.110594 seconds 
========================================================================
Received Import Request.
  Time since last request: 0.000037 seconds.
  path: Assets/Fonts/Cinzel_Decorative/CinzelDecorative-Regular.ttf
  artifactKey: Guid(3e2533040ff9c2649822c1d3f35e0248) Importer(815301076,1909f56bfc062723c751e8b465ee728b)
Start importing Assets/Fonts/Cinzel_Decorative/CinzelDecorative-Regular.ttf using Guid(3e2533040ff9c2649822c1d3f35e0248) Importer(815301076,1909f56bfc062723c751e8b465ee728b)  -> (artifact id: '88f219185dd5967da5df627f57c6e2a7') in 0.382663 seconds 
========================================================================
Received Import Request.
  Time since last request: 0.000029 seconds.
  path: Assets/Fonts/Saira/static/Saira/Saira-LightItalic.ttf
  artifactKey: Guid(ab003d41dca10394bbe74e1f8dc61784) Importer(815301076,1909f56bfc062723c751e8b465ee728b)
Start importing Assets/Fonts/Saira/static/Saira/Saira-LightItalic.ttf using Guid(ab003d41dca10394bbe74e1f8dc61784) Importer(815301076,1909f56bfc062723c751e8b465ee728b)  -> (artifact id: '99e4be8384cc6f189e714c6e12a49607') in 0.174475 seconds 
========================================================================
Received Import Request.
  Time since last request: 0.000032 seconds.
  path: Assets/Fonts/Gaegu/Gaegu-Bold.ttf
  artifactKey: Guid(2db181592f9f73148810a3a40f1900f4) Importer(815301076,1909f56bfc062723c751e8b465ee728b)
Start importing Assets/Fonts/Gaegu/Gaegu-Bold.ttf using Guid(2db181592f9f73148810a3a40f1900f4) Importer(815301076,1909f56bfc062723c751e8b465ee728b)  -> (artifact id: 'b727a61bf80b8f391a93faa0cb3e4bfd') in 0.173479 seconds 
========================================================================
Received Import Request.
  Time since last request: 0.000031 seconds.
  path: Assets/Fonts/Saira/static/Saira_ExtraCondensed/Saira_ExtraCondensed-ExtraLightItalic.ttf
  artifactKey: Guid(d6714b23155f0b44596545f9f9b12631) Importer(815301076,1909f56bfc062723c751e8b465ee728b)
Start importing Assets/Fonts/Saira/static/Saira_ExtraCondensed/Saira_ExtraCondensed-ExtraLightItalic.ttf using Guid(d6714b23155f0b44596545f9f9b12631) Importer(815301076,1909f56bfc062723c751e8b465ee728b)  -> (artifact id: 'f11a99e1cf7fb2d1ac5f2a5fef4bbbc2') in 0.100056 seconds 
========================================================================
Received Import Request.
  Time since last request: 0.000033 seconds.
  path: Assets/Fonts/Crafty_Girls/CraftyGirls-Regular.ttf
  artifactKey: Guid(9f81cfe01a19af0448c10bb0fb351cc9) Importer(815301076,1909f56bfc062723c751e8b465ee728b)
Start importing Assets/Fonts/Crafty_Girls/CraftyGirls-Regular.ttf using Guid(9f81cfe01a19af0448c10bb0fb351cc9) Importer(815301076,1909f56bfc062723c751e8b465ee728b)  -> (artifact id: '014538cb163a28c1b54c116c597b7fed') in 0.107496 seconds 
========================================================================
Received Import Request.
  Time since last request: 0.000041 seconds.
  path: Assets/Fonts/Saira/static/Saira_ExtraCondensed/Saira_ExtraCondensed-Thin.ttf
  artifactKey: Guid(298d2c24d149b4e439e586a3fd6f6341) Importer(815301076,1909f56bfc062723c751e8b465ee728b)
Start importing Assets/Fonts/Saira/static/Saira_ExtraCondensed/Saira_ExtraCondensed-Thin.ttf using Guid(298d2c24d149b4e439e586a3fd6f6341) Importer(815301076,1909f56bfc062723c751e8b465ee728b)  -> (artifact id: 'b349b3d68042311f6fc6f42ba032f26d') in 0.134107 seconds 
========================================================================
Received Import Request.
  Time since last request: 0.000031 seconds.
  path: Assets/Fonts/Kalam/Kalam-Regular.ttf
  artifactKey: Guid(3793c1c1904a16e4aa07199ac2be50ce) Importer(815301076,1909f56bfc062723c751e8b465ee728b)
Start importing Assets/Fonts/Kalam/Kalam-Regular.ttf using Guid(3793c1c1904a16e4aa07199ac2be50ce) Importer(815301076,1909f56bfc062723c751e8b465ee728b)  -> (artifact id: '71664e41e0703968daf12f30f5fca18e') in 0.198126 seconds 
========================================================================
Received Import Request.
  Time since last request: 0.000037 seconds.
  path: Assets/Fonts/Saira/static/Saira_SemiCondensed/Saira_SemiCondensed-LightItalic.ttf
  artifactKey: Guid(e777a870f4682544795cfa4dda084824) Importer(815301076,1909f56bfc062723c751e8b465ee728b)
Start importing Assets/Fonts/Saira/static/Saira_SemiCondensed/Saira_SemiCondensed-LightItalic.ttf using Guid(e777a870f4682544795cfa4dda084824) Importer(815301076,1909f56bfc062723c751e8b465ee728b)  -> (artifact id: '64d0856c2da68e4531a5c9a456b042db') in 0.146324 seconds 
========================================================================
Received Import Request.
  Time since last request: 0.000044 seconds.
  path: Assets/Fonts/Cinzel/Cinzel-VariableFont_wght.ttf
  artifactKey: Guid(10c9841d545f47a4d884b6f2d427ae57) Importer(815301076,1909f56bfc062723c751e8b465ee728b)
Start importing Assets/Fonts/Cinzel/Cinzel-VariableFont_wght.ttf using Guid(10c9841d545f47a4d884b6f2d427ae57) Importer(815301076,1909f56bfc062723c751e8b465ee728b)  -> (artifact id: '07c004730cae68497f967f7c1d78a542') in 0.080677 seconds 
========================================================================
Received Import Request.
  Time since last request: 0.000027 seconds.
  path: Assets/Fonts/Saira/static/Saira/Saira-Black.ttf
  artifactKey: Guid(3992310bb8cdc8d4083336d8e1c3d21a) Importer(815301076,1909f56bfc062723c751e8b465ee728b)
Start importing Assets/Fonts/Saira/static/Saira/Saira-Black.ttf using Guid(3992310bb8cdc8d4083336d8e1c3d21a) Importer(815301076,1909f56bfc062723c751e8b465ee728b)  -> (artifact id: '1e5901c596bdcb71af892fda181aaafa') in 0.098734 seconds 
========================================================================
Received Import Request.
  Time since last request: 0.000039 seconds.
  path: Assets/Fonts/Aubrey/Aubrey-Regular.ttf
  artifactKey: Guid(14d5ed2e03de50548ad6eecfce6ca31c) Importer(815301076,1909f56bfc062723c751e8b465ee728b)
Start importing Assets/Fonts/Aubrey/Aubrey-Regular.ttf using Guid(14d5ed2e03de50548ad6eecfce6ca31c) Importer(815301076,1909f56bfc062723c751e8b465ee728b)  -> (artifact id: '3b943ea4d8492941b797d7a7b5d90901') in 0.095732 seconds 
========================================================================
Received Import Request.
  Time since last request: 0.000063 seconds.
  path: Assets/Fonts/Saira/static/Saira_SemiCondensed/Saira_SemiCondensed-BoldItalic.ttf
  artifactKey: Guid(19c49ff9cd5857c4682cbc1116b624a1) Importer(815301076,1909f56bfc062723c751e8b465ee728b)
Start importing Assets/Fonts/Saira/static/Saira_SemiCondensed/Saira_SemiCondensed-BoldItalic.ttf using Guid(19c49ff9cd5857c4682cbc1116b624a1) Importer(815301076,1909f56bfc062723c751e8b465ee728b)  -> (artifact id: 'a0ff5c4d5c5f6cc58e3c3aaac97f5a48') in 0.128029 seconds 
========================================================================
Received Import Request.
  Time since last request: 0.000031 seconds.
  path: Assets/Fonts/Caveat/static/Caveat-Bold.ttf
  artifactKey: Guid(ac91568d37537ec449c92769c928ee9a) Importer(815301076,1909f56bfc062723c751e8b465ee728b)
Start importing Assets/Fonts/Caveat/static/Caveat-Bold.ttf using Guid(ac91568d37537ec449c92769c928ee9a) Importer(815301076,1909f56bfc062723c751e8b465ee728b)  -> (artifact id: 'd261f3b43eecf5eb6811d3bdd264b09d') in 0.129060 seconds 
========================================================================
Received Import Request.
  Time since last request: 0.000037 seconds.
  path: Assets/Fonts/Saira/static/Saira_Expanded/Saira_Expanded-Italic.ttf
  artifactKey: Guid(03f2a06d641bca64cb12f47fce6cd514) Importer(815301076,1909f56bfc062723c751e8b465ee728b)
Start importing Assets/Fonts/Saira/static/Saira_Expanded/Saira_Expanded-Italic.ttf using Guid(03f2a06d641bca64cb12f47fce6cd514) Importer(815301076,1909f56bfc062723c751e8b465ee728b)  -> (artifact id: 'df16c14f328168e7b1f1c70482a3ced6') in 0.084852 seconds 
========================================================================
Received Import Request.
  Time since last request: 0.000045 seconds.
  path: Assets/Fonts/Great_Vibes/GreatVibes-Regular.ttf
  artifactKey: Guid(d86001922d50df4489fcd4f6cb1aa8b4) Importer(815301076,1909f56bfc062723c751e8b465ee728b)
Start importing Assets/Fonts/Great_Vibes/GreatVibes-Regular.ttf using Guid(d86001922d50df4489fcd4f6cb1aa8b4) Importer(815301076,1909f56bfc062723c751e8b465ee728b)  -> (artifact id: '2115af390d1cebce368c3beac4aa3e7e') in 0.143289 seconds 
========================================================================
Received Import Request.
  Time since last request: 0.000033 seconds.
  path: Assets/Fonts/Saira/static/Saira_ExtraCondensed/Saira_ExtraCondensed-ExtraBold.ttf
  artifactKey: Guid(a9291d921eb47ed40892e618219f15cb) Importer(815301076,1909f56bfc062723c751e8b465ee728b)
Start importing Assets/Fonts/Saira/static/Saira_ExtraCondensed/Saira_ExtraCondensed-ExtraBold.ttf using Guid(a9291d921eb47ed40892e618219f15cb) Importer(815301076,1909f56bfc062723c751e8b465ee728b)  -> (artifact id: '2cfad759c8992544a3dadb98c9342341') in 0.123489 seconds 
========================================================================
Received Import Request.
  Time since last request: 0.000034 seconds.
  path: Assets/Fonts/Saira/static/Saira_Condensed/Saira_Condensed-ExtraLight.ttf
  artifactKey: Guid(98f0a5dc409e183448bb8a4e6be988e9) Importer(815301076,1909f56bfc062723c751e8b465ee728b)
Start importing Assets/Fonts/Saira/static/Saira_Condensed/Saira_Condensed-ExtraLight.ttf using Guid(98f0a5dc409e183448bb8a4e6be988e9) Importer(815301076,1909f56bfc062723c751e8b465ee728b)  -> (artifact id: '22e562a3c0107b4d339552cab7aab0fe') in 0.095909 seconds 
========================================================================
Received Import Request.
  Time since last request: 0.000037 seconds.
  path: Assets/Fonts/Saira/static/Saira_Condensed/Saira_Condensed-ThinItalic.ttf
  artifactKey: Guid(47f3ecf2de640bd4987e8d4a00aef2e5) Importer(815301076,1909f56bfc062723c751e8b465ee728b)
Start importing Assets/Fonts/Saira/static/Saira_Condensed/Saira_Condensed-ThinItalic.ttf using Guid(47f3ecf2de640bd4987e8d4a00aef2e5) Importer(815301076,1909f56bfc062723c751e8b465ee728b)  -> (artifact id: 'a2157c93a5c5c9afbfa9700ffacae9bf') in 0.136024 seconds 
========================================================================
Received Import Request.
  Time since last request: 0.000029 seconds.
  path: Assets/Fonts/Gamja_Flower/GamjaFlower-Regular.ttf
  artifactKey: Guid(954c36b217eb0c34db7d9512508ee699) Importer(815301076,1909f56bfc062723c751e8b465ee728b)
Start importing Assets/Fonts/Gamja_Flower/GamjaFlower-Regular.ttf using Guid(954c36b217eb0c34db7d9512508ee699) Importer(815301076,1909f56bfc062723c751e8b465ee728b)  -> (artifact id: '839129e7cf5fdaaf5fe4ab52454b9e7f') in 0.261801 seconds 
========================================================================
Received Import Request.
  Time since last request: 0.000033 seconds.
  path: Assets/Fonts/Courgette/Courgette-Regular.ttf
  artifactKey: Guid(6b95426f7ea6e604eaec53585ff46809) Importer(815301076,1909f56bfc062723c751e8b465ee728b)
Start importing Assets/Fonts/Courgette/Courgette-Regular.ttf using Guid(6b95426f7ea6e604eaec53585ff46809) Importer(815301076,1909f56bfc062723c751e8b465ee728b)  -> (artifact id: 'f96169933be77dfa7e99cd1912b50197') in 0.086153 seconds 
========================================================================
Received Import Request.
  Time since last request: 0.000047 seconds.
  path: Assets/Fonts/Gruppo/Gruppo-Regular.ttf
  artifactKey: Guid(982290e869b1c574a92096f47c425bb0) Importer(815301076,1909f56bfc062723c751e8b465ee728b)
Start importing Assets/Fonts/Gruppo/Gruppo-Regular.ttf using Guid(982290e869b1c574a92096f47c425bb0) Importer(815301076,1909f56bfc062723c751e8b465ee728b)  -> (artifact id: 'dc8d120999e3e7125c3e488ec717078a') in 0.345472 seconds 
========================================================================
Received Import Request.
  Time since last request: 60.960638 seconds.
  path: Assets/Fonts/Saira/static/Saira_Condensed/Saira_Condensed-MediumItalic.ttf
  artifactKey: Guid(3c42ba340d156f94baec0492e13decfe) Importer(815301076,1909f56bfc062723c751e8b465ee728b)
Start importing Assets/Fonts/Saira/static/Saira_Condensed/Saira_Condensed-MediumItalic.ttf using Guid(3c42ba340d156f94baec0492e13decfe) Importer(815301076,1909f56bfc062723c751e8b465ee728b)  -> (artifact id: '83212e60fb4aae00fd9c0cf1612c9a5b') in 0.156966 seconds 
========================================================================
Received Import Request.
  Time since last request: 0.020386 seconds.
  path: Assets/Fonts/Saira/static/Saira_Condensed/Saira_Condensed-Italic.ttf
  artifactKey: Guid(fc1cdfd2886f8cb40b0ff17a21e752d4) Importer(815301076,1909f56bfc062723c751e8b465ee728b)
Start importing Assets/Fonts/Saira/static/Saira_Condensed/Saira_Condensed-Italic.ttf using Guid(fc1cdfd2886f8cb40b0ff17a21e752d4) Importer(815301076,1909f56bfc062723c751e8b465ee728b)  -> (artifact id: '51fd59bcbac5344a82bbd078c829f821') in 0.127452 seconds 
========================================================================
Received Import Request.
  Time since last request: 0.000028 seconds.
  path: Assets/Fonts/Saira/static/Saira_Condensed/Saira_Condensed-LightItalic.ttf
  artifactKey: Guid(d8ca3404639a7af4facaf2814707e71a) Importer(815301076,1909f56bfc062723c751e8b465ee728b)
Start importing Assets/Fonts/Saira/static/Saira_Condensed/Saira_Condensed-LightItalic.ttf using Guid(d8ca3404639a7af4facaf2814707e71a) Importer(815301076,1909f56bfc062723c751e8b465ee728b)  -> (artifact id: 'fb306ddf8c60245c13885cef3b1a8474') in 0.174875 seconds 
========================================================================
Received Import Request.
  Time since last request: 0.000029 seconds.
  path: Assets/Fonts/Saira/static/Saira_Condensed/Saira_Condensed-Light.ttf
  artifactKey: Guid(95bad8405d553a5489534df7e693af4d) Importer(815301076,1909f56bfc062723c751e8b465ee728b)
Start importing Assets/Fonts/Saira/static/Saira_Condensed/Saira_Condensed-Light.ttf using Guid(95bad8405d553a5489534df7e693af4d) Importer(815301076,1909f56bfc062723c751e8b465ee728b)  -> (artifact id: '418242db0fbc8a6f1501096c2095e6a3') in 0.040762 seconds 
========================================================================
Received Import Request.
  Time since last request: 1.482651 seconds.
  path: Assets/Fonts/Saira/static/Saira/Saira-ExtraBold.ttf
  artifactKey: Guid(eda72769f1a2c2841af0c4b335a28170) Importer(815301076,1909f56bfc062723c751e8b465ee728b)
Start importing Assets/Fonts/Saira/static/Saira/Saira-ExtraBold.ttf using Guid(eda72769f1a2c2841af0c4b335a28170) Importer(815301076,1909f56bfc062723c751e8b465ee728b)  -> (artifact id: '5914769374960fdc5da3d43490846b2d') in 0.200970 seconds 
========================================================================
Received Import Request.
  Time since last request: 0.000056 seconds.
  path: Assets/Fonts/Saira/static/Saira/Saira-ExtraBoldItalic.ttf
  artifactKey: Guid(c9f8a50b354c5634ca488c9510f3b007) Importer(815301076,1909f56bfc062723c751e8b465ee728b)
Start importing Assets/Fonts/Saira/static/Saira/Saira-ExtraBoldItalic.ttf using Guid(c9f8a50b354c5634ca488c9510f3b007) Importer(815301076,1909f56bfc062723c751e8b465ee728b)  -> (artifact id: '2ab5d8853203d87159cfa35f3cc1eaaf') in 0.257391 seconds 
Editor requested this worker to shutdown with reason: Scaling down because of idle timeout
AssetImportWorkerClient::OnTransportError - code=2 error=End of file
AssetImportWorker is now disconnected from the server
Process exiting
Exiting without the bug reporter. Application will terminate with return code 0